2024-07-07 22:18:35,996 - ERROR - FileNotFoundError in parse_image_with_config: [Errno 2] No such file or directory: 'C:\\Users\\cjswo\\AppData\\Local\\Temp\\tess_9861x4m6.txt'
2024-07-07 22:18:36,185 - ERROR - FileNotFoundError in parse_image_with_config: [Errno 2] No such file or directory: 'C:\\Users\\cjswo\\AppData\\Local\\Temp\\tess_xmn4c4ea.txt'
2024-07-07 22:18:36,374 - ERROR - FileNotFoundError in parse_image_with_config: [Errno 2] No such file or directory: 'C:\\Users\\cjswo\\AppData\\Local\\Temp\\tess_01tl2zd0.txt'
2024-07-07 22:18:36,568 - ERROR - FileNotFoundError in parse_image_with_config: [Errno 2] No such file or directory: 'C:\\Users\\cjswo\\AppData\\Local\\Temp\\tess_71bq2j8r.txt'
2024-07-07 22:18:36,591 - ERROR - Error in parse_image_with_config: (1, "Error: Tesseract (legacy) engine requested, but components are not present in C:\\Program Files\\Tesseract-OCR/tessdata/eng.traineddata!! Failed loading language 'eng' Tesseract couldn't load any languages! Could not initialize tesseract.")
2024-07-07 22:18:36,948 - ERROR - Error in parse_image_with_config: (1, "Error: Tesseract (legacy) engine requested, but components are not present in C:\\Program Files\\Tesseract-OCR/tessdata/eng.traineddata!! Failed loading language 'eng' Tesseract couldn't load any languages! Could not initialize tesseract.")
2024-07-07 22:18:37,299 - ERROR - Error in parse_image_with_config: (1, "Error: Tesseract (legacy) engine requested, but components are not present in C:\\Program Files\\Tesseract-OCR/tessdata/eng.traineddata!! Failed loading language 'eng' Tesseract couldn't load any languages! Could not initialize tesseract.")
2024-07-07 22:18:37,406 - ERROR - FileNotFoundError in parse_image_with_config: [Errno 2] No such file or directory: 'C:\\Users\\cjswo\\AppData\\Local\\Temp\\tess_whci1d0a.txt'
2024-07-07 22:18:37,435 - ERROR - Error in parse_image_with_config: (1, "Error: Tesseract (legacy) engine requested, but components are not present in C:\\Program Files\\Tesseract-OCR/tessdata/eng.traineddata!! Failed loading language 'eng' Tesseract couldn't load any languages! Could not initialize tesseract.")
2024-07-07 22:18:37,543 - ERROR - FileNotFoundError in parse_image_with_config: [Errno 2] No such file or directory: 'C:\\Users\\cjswo\\AppData\\Local\\Temp\\tess_6a_dkwhi.txt'
2024-07-07 22:18:37,569 - ERROR - Error in parse_image_with_config: (1, "Error: Tesseract (legacy) engine requested, but components are not present in C:\\Program Files\\Tesseract-OCR/tessdata/eng.traineddata!! Failed loading language 'eng' Tesseract couldn't load any languages! Could not initialize tesseract.")
2024-07-07 22:18:37,813 - ERROR - Error in parse_image_with_config: (1, "Error: Tesseract (legacy) engine requested, but components are not present in C:\\Program Files\\Tesseract-OCR/tessdata/eng.traineddata!! Failed loading language 'eng' Tesseract couldn't load any languages! Could not initialize tesseract.")
2024-07-07 22:18:38,054 - ERROR - Error in parse_image_with_config: (1, "Error: Tesseract (legacy) engine requested, but components are not present in C:\\Program Files\\Tesseract-OCR/tessdata/eng.traineddata!! Failed loading language 'eng' Tesseract couldn't load any languages! Could not initialize tesseract.")
2024-07-07 22:18:38,293 - ERROR - Error in parse_image_with_config: (1, "Error: Tesseract (legacy) engine requested, but components are not present in C:\\Program Files\\Tesseract-OCR/tessdata/eng.traineddata!! Failed loading language 'eng' Tesseract couldn't load any languages! Could not initialize tesseract.")
2024-07-07 22:18:38,532 - ERROR - Error in parse_image_with_config: (1, "Error: Tesseract (legacy) engine requested, but components are not present in C:\\Program Files\\Tesseract-OCR/tessdata/eng.traineddata!! Failed loading language 'eng' Tesseract couldn't load any languages! Could not initialize tesseract.")
2024-07-07 22:18:38,689 - ERROR - Error in parse_image_with_config: (1, "Error: Tesseract (legacy) engine requested, but components are not present in C:\\Program Files\\Tesseract-OCR/tessdata/eng.traineddata!! Failed loading language 'eng' Tesseract couldn't load any languages! Could not initialize tesseract.")
2024-07-07 22:18:38,841 - ERROR - Error in parse_image_with_config: (1, "Error: Tesseract (legacy) engine requested, but components are not present in C:\\Program Files\\Tesseract-OCR/tessdata/eng.traineddata!! Failed loading language 'eng' Tesseract couldn't load any languages! Could not initialize tesseract.")
2024-07-07 22:18:39,074 - ERROR - Error in parse_image_with_config: (1, "Error: Tesseract (legacy) engine requested, but components are not present in C:\\Program Files\\Tesseract-OCR/tessdata/eng.traineddata!! Failed loading language 'eng' Tesseract couldn't load any languages! Could not initialize tesseract.")
2024-07-07 22:18:39,306 - ERROR - Error in parse_image_with_config: (1, "Error: Tesseract (legacy) engine requested, but components are not present in C:\\Program Files\\Tesseract-OCR/tessdata/eng.traineddata!! Failed loading language 'eng' Tesseract couldn't load any languages! Could not initialize tesseract.")
2024-07-07 22:18:39,440 - ERROR - Error in parse_image_with_config: (1, "Error: Tesseract (legacy) engine requested, but components are not present in C:\\Program Files\\Tesseract-OCR/tessdata/eng.traineddata!! Failed loading language 'eng' Tesseract couldn't load any languages! Could not initialize tesseract.")
2024-07-07 22:18:39,574 - ERROR - Error in parse_image_with_config: (1, "Error: Tesseract (legacy) engine requested, but components are not present in C:\\Program Files\\Tesseract-OCR/tessdata/eng.traineddata!! Failed loading language 'eng' Tesseract couldn't load any languages! Could not initialize tesseract.")
2024-07-07 22:18:39,710 - ERROR - Error in parse_image_with_config: (1, "Error: Tesseract (legacy) engine requested, but components are not present in C:\\Program Files\\Tesseract-OCR/tessdata/eng.traineddata!! Failed loading language 'eng' Tesseract couldn't load any languages! Could not initialize tesseract.")
2024-07-07 22:18:39,844 - ERROR - Error in parse_image_with_config: (1, "Error: Tesseract (legacy) engine requested, but components are not present in C:\\Program Files\\Tesseract-OCR/tessdata/eng.traineddata!! Failed loading language 'eng' Tesseract couldn't load any languages! Could not initialize tesseract.")
2024-07-07 22:18:39,977 - ERROR - Error in parse_image_with_config: (1, "Error: Tesseract (legacy) engine requested, but components are not present in C:\\Program Files\\Tesseract-OCR/tessdata/eng.traineddata!! Failed loading language 'eng' Tesseract couldn't load any languages! Could not initialize tesseract.")
2024-07-07 22:18:40,111 - ERROR - Error in parse_image_with_config: (1, "Error: Tesseract (legacy) engine requested, but components are not present in C:\\Program Files\\Tesseract-OCR/tessdata/eng.traineddata!! Failed loading language 'eng' Tesseract couldn't load any languages! Could not initialize tesseract.")
2024-07-07 22:18:40,248 - ERROR - Error in parse_image_with_config: (1, "Error: Tesseract (legacy) engine requested, but components are not present in C:\\Program Files\\Tesseract-OCR/tessdata/eng.traineddata!! Failed loading language 'eng' Tesseract couldn't load any languages! Could not initialize tesseract.")
2024-07-07 22:18:40,382 - ERROR - Error in parse_image_with_config: (1, "Error: Tesseract (legacy) engine requested, but components are not present in C:\\Program Files\\Tesseract-OCR/tessdata/eng.traineddata!! Failed loading language 'eng' Tesseract couldn't load any languages! Could not initialize tesseract.")
2024-07-07 22:18:40,566 - ERROR - Error in parse_image_with_config: (1, "Error: Tesseract (legacy) engine requested, but components are not present in C:\\Program Files\\Tesseract-OCR/tessdata/eng.traineddata!! Failed loading language 'eng' Tesseract couldn't load any languages! Could not initialize tesseract.")
2024-07-07 22:18:40,745 - ERROR - Error in parse_image_with_config: (1, "Error: Tesseract (legacy) engine requested, but components are not present in C:\\Program Files\\Tesseract-OCR/tessdata/eng.traineddata!! Failed loading language 'eng' Tesseract couldn't load any languages! Could not initialize tesseract.")
2024-07-07 22:18:41,049 - ERROR - Error in parse_image_with_config: (1, "Error: Tesseract (legacy) engine requested, but components are not present in C:\\Program Files\\Tesseract-OCR/tessdata/eng.traineddata!! Failed loading language 'eng' Tesseract couldn't load any languages! Could not initialize tesseract.")
2024-07-07 22:18:41,351 - ERROR - Error in parse_image_with_config: (1, "Error: Tesseract (legacy) engine requested, but components are not present in C:\\Program Files\\Tesseract-OCR/tessdata/eng.traineddata!! Failed loading language 'eng' Tesseract couldn't load any languages! Could not initialize tesseract.")
2024-07-07 22:18:41,489 - ERROR - Error in parse_image_with_config: (1, "Error: Tesseract (legacy) engine requested, but components are not present in C:\\Program Files\\Tesseract-OCR/tessdata/eng.traineddata!! Failed loading language 'eng' Tesseract couldn't load any languages! Could not initialize tesseract.")
2024-07-07 22:47:48,219 - INFO - Names parsed and written to team.txt
2024-07-07 22:47:52,510 - INFO - Names parsed and written to team.txt
2024-07-07 22:47:56,799 - INFO - Names parsed and written to team.txt
